Arguments: 
  /home/guilhermemichellan/.nvm/versions/node/v17.8.0/bin/node /home/guilhermemichellan/.nvm/versions/node/v17.8.0/bin/yarn init

PATH: 
  /home/guilhermemichellan/.nvm/versions/node/v17.8.0/bin:/home/guilhermemichellan/bin/apache-maven-3.8.2/bin:/home/guilhermemichellan/.local/bin:/home/guilhermemichellan/bin:/usr/local/sbin:/usr/local/bin:/usr/sbin:/usr/bin:/sbin:/bin:/usr/games:/usr/local/games:/snap/bin:/usr/lib/jvm/jdk-11.0.12/bin

Yarn version: 
  1.22.18

Node version: 
  17.8.0

Platform: 
  linux x64

Trace: 
  Error: canceled
      at Interface.<anonymous> (/home/guilhermemichellan/.nvm/versions/node/v17.8.0/lib/node_modules/yarn/lib/cli.js:137143:13)
      at Interface.emit (node:events:527:28)
      at Interface.[_ttyWrite] [as _ttyWrite] (node:internal/readline/interface:1117:18)
      at ReadStream.onkeypress (node:internal/readline/interface:269:20)
      at ReadStream.emit (node:events:527:28)
      at emitKeys (node:internal/readline/utils:358:14)
      at emitKeys.next (<anonymous>)
      at ReadStream.onData (node:internal/readline/emitKeypressEvents:64:36)
      at ReadStream.emit (node:events:527:28)
      at addChunk (node:internal/streams/readable:324:12)

npm manifest: 
  No manifest

yarn manifest: 
  No manifest

Lockfile: 
  No lockfile
